<?xml version="1.0" encoding="UTF-8"?>
<testsuite xmlns:xsi="http://www.w3.org/2001/XMLSchema-instance" xsi:noNamespaceSchemaLocation="https://maven.apache.org/surefire/maven-surefire-plugin/xsd/surefire-test-report.xsd" name="TestSDDB" time="2.056" tests="2" errors="0" skipped="0" failures="0">
  <properties>
    <property name="sun.desktop" value="windows"/>
    <property name="awt.toolkit" value="sun.awt.windows.WToolkit"/>
    <property name="file.encoding.pkg" value="sun.io"/>
    <property name="java.specification.version" value="1.8"/>
    <property name="sun.cpu.isalist" value="amd64"/>
    <property name="sun.jnu.encoding" value="GBK"/>
    <property name="java.class.path" value="G:\IdeaProjects\SDDB4.0\target\test-classes;G:\IdeaProjects\SDDB4.0\target\classes;G:\Maven\Maven Loacl Space\org\springframework\spring-core\4.1.7.RELEASE\spring-core-4.1.7.RELEASE.jar;G:\Maven\Maven Loacl Space\commons-logging\commons-logging\1.2\commons-logging-1.2.jar;G:\Maven\Maven Loacl Space\org\mybatis\mybatis\3.3.0\mybatis-3.3.0.jar;G:\Maven\Maven Loacl Space\org\mybatis\mybatis-spring\1.3.0\mybatis-spring-1.3.0.jar;G:\Maven\Maven Loacl Space\org\springframework\spring-webmvc\4.1.7.RELEASE\spring-webmvc-4.1.7.RELEASE.jar;G:\Maven\Maven Loacl Space\org\springframework\spring-beans\4.1.7.RELEASE\spring-beans-4.1.7.RELEASE.jar;G:\Maven\Maven Loacl Space\org\springframework\spring-context\4.1.7.RELEASE\spring-context-4.1.7.RELEASE.jar;G:\Maven\Maven Loacl Space\org\springframework\spring-aop\4.1.7.RELEASE\spring-aop-4.1.7.RELEASE.jar;G:\Maven\Maven Loacl Space\aopalliance\aopalliance\1.0\aopalliance-1.0.jar;G:\Maven\Maven Loacl Space\org\springframework\spring-expression\4.1.7.RELEASE\spring-expression-4.1.7.RELEASE.jar;G:\Maven\Maven Loacl Space\org\springframework\spring-web\4.1.7.RELEASE\spring-web-4.1.7.RELEASE.jar;G:\Maven\Maven Loacl Space\junit\junit\4.12\junit-4.12.jar;G:\Maven\Maven Loacl Space\org\hamcrest\hamcrest-core\1.3\hamcrest-core-1.3.jar;G:\Maven\Maven Loacl Space\mysql\mysql-connector-java\5.1.18\mysql-connector-java-5.1.18.jar;G:\Maven\Maven Loacl Space\org\springframework\spring-jdbc\4.1.7.RELEASE\spring-jdbc-4.1.7.RELEASE.jar;G:\Maven\Maven Loacl Space\org\springframework\spring-tx\4.1.7.RELEASE\spring-tx-4.1.7.RELEASE.jar;G:\Maven\Maven Loacl Space\org\apache\commons\commons-dbcp2\2.1.1\commons-dbcp2-2.1.1.jar;G:\Maven\Maven Loacl Space\org\apache\commons\commons-pool2\2.4.2\commons-pool2-2.4.2.jar;G:\Maven\Maven Loacl Space\com\fasterxml\jackson\core\jackson-databind\2.5.4\jackson-databind-2.5.4.jar;G:\Maven\Maven Loacl Space\com\fasterxml\jackson\core\jackson-annotations\2.5.0\jackson-annotations-2.5.0.jar;G:\Maven\Maven Loacl Space\com\fasterxml\jackson\core\jackson-core\2.5.4\jackson-core-2.5.4.jar;G:\Maven\Maven Loacl Space\org\aspectj\aspectjweaver\1.9.1\aspectjweaver-1.9.1.jar;G:\Maven\Maven Loacl Space\com\alibaba\druid\1.1.10\druid-1.1.10.jar;G:\Maven\Maven Loacl Space\javax\servlet\javax.servlet-api\4.0.1\javax.servlet-api-4.0.1.jar;G:\Maven\Maven Loacl Space\cglib\cglib\2.2.2\cglib-2.2.2.jar;G:\Maven\Maven Loacl Space\asm\asm\3.3.1\asm-3.3.1.jar;G:\Maven\Maven Loacl Space\commons-fileupload\commons-fileupload\1.3.3\commons-fileupload-1.3.3.jar;G:\Maven\Maven Loacl Space\commons-io\commons-io\2.2\commons-io-2.2.jar;G:\Maven\Maven Loacl Space\org\apache\poi\poi-ooxml\3.14-beta1\poi-ooxml-3.14-beta1.jar;G:\Maven\Maven Loacl Space\com\github\virtuald\curvesapi\1.03\curvesapi-1.03.jar;G:\Maven\Maven Loacl Space\org\apache\poi\poi-ooxml-schemas\3.14-beta1\poi-ooxml-schemas-3.14-beta1.jar;G:\Maven\Maven Loacl Space\org\apache\xmlbeans\xmlbeans\2.6.0\xmlbeans-2.6.0.jar;G:\Maven\Maven Loacl Space\stax\stax-api\1.0.1\stax-api-1.0.1.jar;G:\Maven\Maven Loacl Space\org\apache\poi\poi\3.14-beta1\poi-3.14-beta1.jar;G:\Maven\Maven Loacl Space\commons-codec\commons-codec\1.10\commons-codec-1.10.jar;G:\Maven\Maven Loacl Space\org\apache\httpcomponents\httpclient\4.5.2\httpclient-4.5.2.jar;G:\Maven\Maven Loacl Space\org\apache\httpcomponents\httpcore\4.4.4\httpcore-4.4.4.jar;G:\Maven\Maven Loacl Space\org\apache\shiro\shiro-core\1.2.4\shiro-core-1.2.4.jar;G:\Maven\Maven Loacl Space\org\slf4j\slf4j-api\1.6.4\slf4j-api-1.6.4.jar;G:\Maven\Maven Loacl Space\commons-beanutils\commons-beanutils\1.8.3\commons-beanutils-1.8.3.jar;G:\Maven\Maven Loacl Space\org\slf4j\slf4j-log4j12\1.7.12\slf4j-log4j12-1.7.12.jar;G:\Maven\Maven Loacl Space\log4j\log4j\1.2.17\log4j-1.2.17.jar;G:\Maven\Maven Loacl Space\org\apache\shiro\shiro-web\1.2.4\shiro-web-1.2.4.jar;G:\Maven\Maven Loacl Space\org\apache\shiro\shiro-spring\1.2.4\shiro-spring-1.2.4.jar;G:\Maven\Maven Loacl Space\org\ehcache\ehcache\3.5.2\ehcache-3.5.2.jar;G:\Maven\Maven Loacl Space\org\apache\shiro\shiro-ehcache\1.4.0\shiro-ehcache-1.4.0.jar;G:\Maven\Maven Loacl Space\org\apache\shiro\shiro-cache\1.4.0\shiro-cache-1.4.0.jar;G:\Maven\Maven Loacl Space\org\apache\shiro\shiro-lang\1.4.0\shiro-lang-1.4.0.jar;G:\Maven\Maven Loacl Space\net\sf\ehcache\ehcache-core\2.6.11\ehcache-core-2.6.11.jar;"/>
    <property name="java.vm.vendor" value="Oracle Corporation"/>
    <property name="sun.arch.data.model" value="64"/>
    <property name="user.variant" value=""/>
    <property name="java.vendor.url" value="http://java.oracle.com/"/>
    <property name="user.timezone" value="Asia/Shanghai"/>
    <property name="java.vm.specification.version" value="1.8"/>
    <property name="os.name" value="Windows 8.1"/>
    <property name="user.country" value="CN"/>
    <property name="sun.java.launcher" value="SUN_STANDARD"/>
    <property name="sun.boot.library.path" value="F:\JDK1.8\bin"/>
    <property name="sun.java.command" value="C:\Users\戚春阳\AppData\Local\Temp\surefire359148632081908442\surefirebooter9037697755156608123.jar C:\Users\戚春阳\AppData\Local\Temp\surefire359148632081908442 2019-01-02T14-48-16_909-jvmRun1 surefire2944728691724936203tmp surefire_03459138230119403311tmp"/>
    <property name="surefire.test.class.path" value="G:\IdeaProjects\SDDB4.0\target\test-classes;G:\IdeaProjects\SDDB4.0\target\classes;G:\Maven\Maven Loacl Space\org\springframework\spring-core\4.1.7.RELEASE\spring-core-4.1.7.RELEASE.jar;G:\Maven\Maven Loacl Space\commons-logging\commons-logging\1.2\commons-logging-1.2.jar;G:\Maven\Maven Loacl Space\org\mybatis\mybatis\3.3.0\mybatis-3.3.0.jar;G:\Maven\Maven Loacl Space\org\mybatis\mybatis-spring\1.3.0\mybatis-spring-1.3.0.jar;G:\Maven\Maven Loacl Space\org\springframework\spring-webmvc\4.1.7.RELEASE\spring-webmvc-4.1.7.RELEASE.jar;G:\Maven\Maven Loacl Space\org\springframework\spring-beans\4.1.7.RELEASE\spring-beans-4.1.7.RELEASE.jar;G:\Maven\Maven Loacl Space\org\springframework\spring-context\4.1.7.RELEASE\spring-context-4.1.7.RELEASE.jar;G:\Maven\Maven Loacl Space\org\springframework\spring-aop\4.1.7.RELEASE\spring-aop-4.1.7.RELEASE.jar;G:\Maven\Maven Loacl Space\aopalliance\aopalliance\1.0\aopalliance-1.0.jar;G:\Maven\Maven Loacl Space\org\springframework\spring-expression\4.1.7.RELEASE\spring-expression-4.1.7.RELEASE.jar;G:\Maven\Maven Loacl Space\org\springframework\spring-web\4.1.7.RELEASE\spring-web-4.1.7.RELEASE.jar;G:\Maven\Maven Loacl Space\junit\junit\4.12\junit-4.12.jar;G:\Maven\Maven Loacl Space\org\hamcrest\hamcrest-core\1.3\hamcrest-core-1.3.jar;G:\Maven\Maven Loacl Space\mysql\mysql-connector-java\5.1.18\mysql-connector-java-5.1.18.jar;G:\Maven\Maven Loacl Space\org\springframework\spring-jdbc\4.1.7.RELEASE\spring-jdbc-4.1.7.RELEASE.jar;G:\Maven\Maven Loacl Space\org\springframework\spring-tx\4.1.7.RELEASE\spring-tx-4.1.7.RELEASE.jar;G:\Maven\Maven Loacl Space\org\apache\commons\commons-dbcp2\2.1.1\commons-dbcp2-2.1.1.jar;G:\Maven\Maven Loacl Space\org\apache\commons\commons-pool2\2.4.2\commons-pool2-2.4.2.jar;G:\Maven\Maven Loacl Space\com\fasterxml\jackson\core\jackson-databind\2.5.4\jackson-databind-2.5.4.jar;G:\Maven\Maven Loacl Space\com\fasterxml\jackson\core\jackson-annotations\2.5.0\jackson-annotations-2.5.0.jar;G:\Maven\Maven Loacl Space\com\fasterxml\jackson\core\jackson-core\2.5.4\jackson-core-2.5.4.jar;G:\Maven\Maven Loacl Space\org\aspectj\aspectjweaver\1.9.1\aspectjweaver-1.9.1.jar;G:\Maven\Maven Loacl Space\com\alibaba\druid\1.1.10\druid-1.1.10.jar;G:\Maven\Maven Loacl Space\javax\servlet\javax.servlet-api\4.0.1\javax.servlet-api-4.0.1.jar;G:\Maven\Maven Loacl Space\cglib\cglib\2.2.2\cglib-2.2.2.jar;G:\Maven\Maven Loacl Space\asm\asm\3.3.1\asm-3.3.1.jar;G:\Maven\Maven Loacl Space\commons-fileupload\commons-fileupload\1.3.3\commons-fileupload-1.3.3.jar;G:\Maven\Maven Loacl Space\commons-io\commons-io\2.2\commons-io-2.2.jar;G:\Maven\Maven Loacl Space\org\apache\poi\poi-ooxml\3.14-beta1\poi-ooxml-3.14-beta1.jar;G:\Maven\Maven Loacl Space\com\github\virtuald\curvesapi\1.03\curvesapi-1.03.jar;G:\Maven\Maven Loacl Space\org\apache\poi\poi-ooxml-schemas\3.14-beta1\poi-ooxml-schemas-3.14-beta1.jar;G:\Maven\Maven Loacl Space\org\apache\xmlbeans\xmlbeans\2.6.0\xmlbeans-2.6.0.jar;G:\Maven\Maven Loacl Space\stax\stax-api\1.0.1\stax-api-1.0.1.jar;G:\Maven\Maven Loacl Space\org\apache\poi\poi\3.14-beta1\poi-3.14-beta1.jar;G:\Maven\Maven Loacl Space\commons-codec\commons-codec\1.10\commons-codec-1.10.jar;G:\Maven\Maven Loacl Space\org\apache\httpcomponents\httpclient\4.5.2\httpclient-4.5.2.jar;G:\Maven\Maven Loacl Space\org\apache\httpcomponents\httpcore\4.4.4\httpcore-4.4.4.jar;G:\Maven\Maven Loacl Space\org\apache\shiro\shiro-core\1.2.4\shiro-core-1.2.4.jar;G:\Maven\Maven Loacl Space\org\slf4j\slf4j-api\1.6.4\slf4j-api-1.6.4.jar;G:\Maven\Maven Loacl Space\commons-beanutils\commons-beanutils\1.8.3\commons-beanutils-1.8.3.jar;G:\Maven\Maven Loacl Space\org\slf4j\slf4j-log4j12\1.7.12\slf4j-log4j12-1.7.12.jar;G:\Maven\Maven Loacl Space\log4j\log4j\1.2.17\log4j-1.2.17.jar;G:\Maven\Maven Loacl Space\org\apache\shiro\shiro-web\1.2.4\shiro-web-1.2.4.jar;G:\Maven\Maven Loacl Space\org\apache\shiro\shiro-spring\1.2.4\shiro-spring-1.2.4.jar;G:\Maven\Maven Loacl Space\org\ehcache\ehcache\3.5.2\ehcache-3.5.2.jar;G:\Maven\Maven Loacl Space\org\apache\shiro\shiro-ehcache\1.4.0\shiro-ehcache-1.4.0.jar;G:\Maven\Maven Loacl Space\org\apache\shiro\shiro-cache\1.4.0\shiro-cache-1.4.0.jar;G:\Maven\Maven Loacl Space\org\apache\shiro\shiro-lang\1.4.0\shiro-lang-1.4.0.jar;G:\Maven\Maven Loacl Space\net\sf\ehcache\ehcache-core\2.6.11\ehcache-core-2.6.11.jar;"/>
    <property name="sun.cpu.endian" value="little"/>
    <property name="user.home" value="C:\Users\戚春阳"/>
    <property name="user.language" value="zh"/>
    <property name="java.specification.vendor" value="Oracle Corporation"/>
    <property name="java.home" value="F:\JDK1.8"/>
    <property name="basedir" value="G:\IdeaProjects\SDDB4.0"/>
    <property name="file.separator" value="\"/>
    <property name="line.separator" value="&#10;"/>
    <property name="java.vm.specification.vendor" value="Oracle Corporation"/>
    <property name="java.specification.name" value="Java Platform API Specification"/>
    <property name="java.awt.graphicsenv" value="sun.awt.Win32GraphicsEnvironment"/>
    <property name="surefire.real.class.path" value="C:\Users\戚春阳\AppData\Local\Temp\surefire359148632081908442\surefirebooter9037697755156608123.jar"/>
    <property name="sun.boot.class.path" value="F:\JDK1.8\lib\resources.jar;F:\JDK1.8\lib\rt.jar;F:\JDK1.8\lib\sunrsasign.jar;F:\JDK1.8\lib\jsse.jar;F:\JDK1.8\lib\jce.jar;F:\JDK1.8\lib\charsets.jar;F:\JDK1.8\lib\jfr.jar;F:\JDK1.8\classes"/>
    <property name="user.script" value=""/>
    <property name="sun.management.compiler" value="HotSpot 64-Bit Tiered Compilers"/>
    <property name="java.runtime.version" value="1.8.0_51-b16"/>
    <property name="user.name" value="戚春阳"/>
    <property name="path.separator" value=";"/>
    <property name="os.version" value="6.3"/>
    <property name="java.endorsed.dirs" value="F:\JDK1.8\lib\endorsed"/>
    <property name="java.runtime.name" value="Java(TM) SE Runtime Environment"/>
    <property name="file.encoding" value="GBK"/>
    <property name="java.vm.name" value="Java HotSpot(TM) 64-Bit Server VM"/>
    <property name="localRepository" value="G:\Maven\Maven Loacl Space"/>
    <property name="java.vendor.url.bug" value="http://bugreport.sun.com/bugreport/"/>
    <property name="java.io.tmpdir" value="C:\Users\戚春阳\AppData\Local\Temp\"/>
    <property name="idea.version" value="2018.2"/>
    <property name="java.version" value="1.8.0_51"/>
    <property name="user.dir" value="G:\IdeaProjects\SDDB4.0"/>
    <property name="os.arch" value="amd64"/>
    <property name="java.vm.specification.name" value="Java Virtual Machine Specification"/>
    <property name="java.awt.printerjob" value="sun.awt.windows.WPrinterJob"/>
    <property name="sun.os.patch.level" value=""/>
    <property name="java.library.path" value="F:\JDK1.8\bin;C:\Windows\Sun\Java\bin;C:\Windows\system32;C:\Windows;C:\ProgramData\Oracle\Java\javapath;F:\OracleInstall\product\12.2.0\dbhome_1\bin;C:\Windows\system32;C:\Windows;C:\Windows\system32\wbem;C:\Program Files (x86)\NVIDIA Corporation\PhysX\Common;C:\Program Files (x86)\Microsoft SQL Server\100\Tools\Binn\VSShell\Common7\IDE\;C:\Program Files (x86)\Microsoft SQL Server\100\Tools\Binn\;C:\Program Files\Microsoft SQL Server\100\Tools\Binn\;C:\Program Files (x86)\Microsoft SQL Server\100\DTS\Binn\;C:\Program Files\Microsoft SQL Server\100\DTS\Binn\.%JAVA_HOME%\bin;%JAVA_HOME%\jre\bin;C:\Program Files (x86)\MySQL\MySQL Server 5.5\bin;D:\MySQL6\MySQL6\bin;F:\Mysql\bin;F:\Mysql\bin;%QUARTUS_ROOTDIR%\bin;D:\apache-maven-3.5.3\bin;D:\gradle-4.2.1\bin;G:\Git\Git\cmd;D:\Anaconda\Anaconda3;D:\Anaconda\Anaconda3\Scripts;D:\Anaconda\Anaconda3\Library\bin;C:\Windows\Microsoft.NET\Framework\v4.0.30319;C:\Users\戚春阳\AppData\Local\Programs\Fiddler;D:\hadoop-2.7.1\bin;."/>
    <property name="java.vm.info" value="mixed mode"/>
    <property name="java.vendor" value="Oracle Corporation"/>
    <property name="java.vm.version" value="25.51-b03"/>
    <property name="java.ext.dirs" value="F:\JDK1.8\lib\ext;C:\Windows\Sun\Java\lib\ext"/>
    <property name="sun.io.unicode.encoding" value="UnicodeLittle"/>
    <property name="maven.repo.local" value="G:\Maven\Maven Loacl Space"/>
    <property name="java.class.version" value="52.0"/>
  </properties>
  <testcase name="TestFile" classname="TestSDDB" time="0"/>
  <testcase name="testDb" classname="TestSDDB" time="2.054"/>
</testsuite>